2024-07-05 01:01:53 INFO  o.h.validator.internal.util.Version - HV000001: Hibernate Validator 8.0.1.Final
2024-07-05 01:01:53 INFO  a.t.TestTrainingAppApplicationTests - Starting TestTrainingAppApplicationTests using Java 21 with PID 38784 (started by machytataras in /Users/machytataras/IdeaProjects/WodJava)
2024-07-05 01:01:53 INFO  a.t.TestTrainingAppApplicationTests - The following 1 profile is active: "test"
2024-07-05 01:01:53 INFO  a.t.TestTrainingAppApplicationTests - Started TestTrainingAppApplicationTests in 0.312 seconds (process running for 1.274)
2024-07-05 01:01:54 INFO  a.t.s.support.SupportServiceImpl - Sending email from user: test@gmail.com
2024-07-05 01:01:54 INFO  a.t.s.support.SupportServiceImpl - Mail successfully sent WODWarrior
2024-07-05 01:01:55 INFO  a.t.s.email.EmailSenderServiceImpl - Mail successfully sent WODWarrior
2024-07-05 01:01:55 INFO  a.t.s.email.EmailSenderServiceImpl - Sending email from: test@gmail.com to: null
2024-07-05 01:01:55 INFO  a.t.s.email.EmailSenderServiceImpl - Mail successfully sent WODWarrior
2024-07-05 01:03:08 INFO  o.h.validator.internal.util.Version - HV000001: Hibernate Validator 8.0.1.Final
2024-07-05 01:03:08 INFO  a.t.TestTrainingAppApplicationTests - Starting TestTrainingAppApplicationTests using Java 21 with PID 38866 (started by machytataras in /Users/machytataras/IdeaProjects/WodJava)
2024-07-05 01:03:08 INFO  a.t.TestTrainingAppApplicationTests - The following 1 profile is active: "test"
2024-07-05 01:03:08 INFO  a.t.TestTrainingAppApplicationTests - Started TestTrainingAppApplicationTests in 0.236 seconds (process running for 0.779)
2024-07-05 01:03:09 INFO  a.t.s.support.SupportServiceImpl - Sending email from user: test@gmail.com
2024-07-05 01:03:09 INFO  a.t.s.support.SupportServiceImpl - Mail successfully sent WODWarrior
2024-07-05 01:03:10 INFO  a.t.s.email.EmailSenderServiceImpl - Mail successfully sent WODWarrior
2024-07-05 01:03:10 INFO  a.t.s.email.EmailSenderServiceImpl - Sending email from: test@gmail.com to: null
2024-07-05 01:03:10 INFO  a.t.s.email.EmailSenderServiceImpl - Mail successfully sent WODWarrior
2024-07-05 17:03:49 INFO  o.h.validator.internal.util.Version - HV000001: Hibernate Validator 8.0.1.Final
2024-07-05 17:03:49 INFO  a.t.TestTrainingAppApplication - Starting TestTrainingAppApplication using Java 22.0.1 with PID 41140 (/Users/machytataras/IdeaProjects/WodJava/target/classes started by machytataras in /Users/machytataras/IdeaProjects/WodJava)
2024-07-05 17:03:49 INFO  a.t.TestTrainingAppApplication - No active profile set, falling back to 1 default profile: "default"
2024-07-05 17:03:50 INFO  o.s.d.r.c.RepositoryConfigurationDelegate - Bootstrapping Spring Data JPA repositories in DEFAULT mode.
2024-07-05 17:03:50 INFO  o.s.d.r.c.RepositoryConfigurationDelegate - Finished Spring Data repository scanning in 119 ms. Found 6 JPA repository interfaces.
2024-07-05 17:03:51 INFO  o.s.b.w.e.tomcat.TomcatWebServer - Tomcat initialized with port(s): 8443 (https)
2024-07-05 17:03:51 INFO  o.a.coyote.http11.Http11NioProtocol - Initializing ProtocolHandler ["https-jsse-nio-8443"]
2024-07-05 17:03:51 INFO  o.a.catalina.core.StandardService - Starting service [Tomcat]
2024-07-05 17:03:51 INFO  o.a.catalina.core.StandardEngine - Starting Servlet engine: [Apache Tomcat/10.1.15]
2024-07-05 17:03:51 INFO  o.a.c.c.C.[Tomcat].[localhost].[/] - Initializing Spring embedded WebApplicationContext
2024-07-05 17:03:51 INFO  o.s.b.w.s.c.ServletWebServerApplicationContext - Root WebApplicationContext: initialization completed in 2500 ms
2024-07-05 17:03:52 INFO  o.h.jpa.internal.util.LogHelper - HHH000204: Processing PersistenceUnitInfo [name: default]
2024-07-05 17:03:52 INFO  org.hibernate.Version - HHH000412: Hibernate ORM core version 6.2.13.Final
2024-07-05 17:03:52 INFO  org.hibernate.cfg.Environment - HHH000406: Using bytecode reflection optimizer
2024-07-05 17:03:52 INFO  o.s.o.j.p.SpringPersistenceUnitInfo - No LoadTimeWeaver setup: ignoring JPA class transformer
2024-07-05 17:03:52 INFO  com.zaxxer.hikari.HikariDataSource - HikariPool-1 - Starting...
2024-07-05 17:03:52 INFO  com.zaxxer.hikari.pool.HikariPool - HikariPool-1 - Added connection com.mysql.cj.jdbc.ConnectionImpl@5c3710b3
2024-07-05 17:03:52 INFO  com.zaxxer.hikari.HikariDataSource - HikariPool-1 - Start completed.
2024-07-05 17:03:54 INFO  o.h.e.t.j.p.i.JtaPlatformInitiator - HHH000489: No JTA platform available (set 'hibernate.transaction.jta.platform' to enable JTA platform integration)
2024-07-05 17:03:55 INFO  o.s.o.j.LocalContainerEntityManagerFactoryBean - Initialized JPA EntityManagerFactory for persistence unit 'default'
2024-07-05 17:03:56 DEBUG o.s.web.filter.CorsFilter - Filter 'corsFilter' configured for use
2024-07-05 17:03:57 WARN  o.s.b.a.o.j.JpaBaseConfiguration$JpaWebConfiguration - spring.jpa.open-in-view is enabled by default. Therefore, database queries may be performed during view rendering. Explicitly configure spring.jpa.open-in-view to disable this warning
2024-07-05 17:03:57 DEBUG o.s.w.s.m.m.a.RequestMappingHandlerMapping - 51 mappings in 'requestMappingHandlerMapping'
2024-07-05 17:03:57 DEBUG o.s.w.s.h.SimpleUrlHandlerMapping - Patterns [/webjars/**, /**, /swagger-ui*/*swagger-initializer.js, /swagger-ui*/**] in 'resourceHandlerMapping'
2024-07-05 17:03:57 INFO  o.s.s.web.DefaultSecurityFilterChain - Will secure any request with [org.springframework.security.web.session.DisableEncodeUrlFilter@63f08f9f, org.springframework.security.web.context.request.async.WebAsyncManagerIntegrationFilter@6e21b6f8, org.springframework.security.web.context.SecurityContextHolderFilter@2527765a, org.springframework.security.web.header.HeaderWriterFilter@5afbbf9b, org.springframework.security.web.authentication.logout.LogoutFilter@4a29520e, app.training.security.JwtAuthenticationFilter$$SpringCGLIB$$0@386d41cb, org.springframework.security.web.authentication.www.BasicAuthenticationFilter@3217e970, org.springframework.security.web.savedrequest.RequestCacheAwareFilter@371fdf43, org.springframework.security.web.servletapi.SecurityContextHolderAwareRequestFilter@297da2c3, org.springframework.security.web.authentication.AnonymousAuthenticationFilter@69a14512, org.springframework.security.web.session.SessionManagementFilter@1b3a1e42, org.springframework.security.web.access.ExceptionTranslationFilter@27879518, org.springframework.security.web.access.intercept.AuthorizationFilter@2202e978]
2024-07-05 17:03:57 DEBUG o.s.w.s.m.m.a.RequestMappingHandlerAdapter - ControllerAdvice beans: 0 @ModelAttribute, 0 @InitBinder, 1 RequestBodyAdvice, 1 ResponseBodyAdvice
2024-07-05 17:03:58 DEBUG o.s.w.s.m.m.a.ExceptionHandlerExceptionResolver - ControllerAdvice beans: 2 @ExceptionHandler, 1 ResponseBodyAdvice
2024-07-05 17:03:58 INFO  o.a.coyote.http11.Http11NioProtocol - Starting ProtocolHandler ["https-jsse-nio-8443"]
2024-07-05 17:03:58 INFO  o.a.t.u.net.NioEndpoint.certificate - Connector [https-jsse-nio-8443], TLS virtual host [_default_], certificate type [UNDEFINED] configured from keystore [/Users/machytataras/.keystore] using alias [tomcat] with trust store [null]
2024-07-05 17:03:58 INFO  o.s.b.w.e.tomcat.TomcatWebServer - Tomcat started on port(s): 8443 (https) with context path ''
2024-07-05 17:03:58 INFO  a.t.TestTrainingAppApplication - Started TestTrainingAppApplication in 10.226 seconds (process running for 11.145)
2024-07-05 17:04:03 ERROR o.t.t.u.DefaultBotSession - Error executing org.telegram.telegrambots.meta.api.methods.updates.GetUpdates query: [409] Conflict: terminated by other getUpdates request; make sure that only one bot instance is running
org.telegram.telegrambots.meta.exceptions.TelegramApiRequestException: Error executing org.telegram.telegrambots.meta.api.methods.updates.GetUpdates query: [409] Conflict: terminated by other getUpdates request; make sure that only one bot instance is running
	at org.telegram.telegrambots.meta.api.methods.PartialBotApiMethod.deserializeResponseInternal(PartialBotApiMethod.java:54)
	at org.telegram.telegrambots.meta.api.methods.PartialBotApiMethod.deserializeResponseArray(PartialBotApiMethod.java:39)
	at org.telegram.telegrambots.meta.api.methods.updates.GetUpdates.deserializeResponse(GetUpdates.java:83)
	at org.telegram.telegrambots.updatesreceivers.DefaultBotSession$ReaderThread.getUpdatesFromServer(DefaultBotSession.java:258)
	at org.telegram.telegrambots.updatesreceivers.DefaultBotSession$ReaderThread.run(DefaultBotSession.java:188)
2024-07-05 17:04:05 INFO  o.a.c.c.C.[Tomcat].[localhost].[/] - Initializing Spring DispatcherServlet 'dispatcherServlet'
2024-07-05 17:04:05 INFO  o.s.web.servlet.DispatcherServlet - Initializing Servlet 'dispatcherServlet'
2024-07-05 17:04:05 DEBUG o.s.web.servlet.DispatcherServlet - Detected StandardServletMultipartResolver
2024-07-05 17:04:05 DEBUG o.s.web.servlet.DispatcherServlet - Detected AcceptHeaderLocaleResolver
2024-07-05 17:04:05 DEBUG o.s.web.servlet.DispatcherServlet - Detected FixedThemeResolver
2024-07-05 17:04:05 DEBUG o.s.web.servlet.DispatcherServlet - Detected org.springframework.web.servlet.view.DefaultRequestToViewNameTranslator@678db8be
2024-07-05 17:04:05 DEBUG o.s.web.servlet.DispatcherServlet - Detected org.springframework.web.servlet.support.SessionFlashMapManager@3435b6d8
2024-07-05 17:04:05 DEBUG o.s.web.servlet.DispatcherServlet - enableLoggingRequestDetails='false': request parameters and headers will be masked to prevent unsafe logging of potentially sensitive data
2024-07-05 17:04:05 INFO  o.s.web.servlet.DispatcherServlet - Completed initialization in 30 ms
2024-07-05 17:04:06 DEBUG o.s.w.s.m.m.a.RequestMappingHandlerMapping - Mapped to app.training.controller.TrainingProgramController#getAll(Pageable)
2024-07-05 17:04:06 DEBUG o.s.w.s.m.m.a.RequestMappingHandlerMapping - Mapped to app.training.controller.TrainingProgramController#getAll(Pageable)
2024-07-05 17:04:06 DEBUG o.s.w.s.m.m.a.RequestMappingHandlerMapping - Mapped to app.training.controller.TrainingProgramController#getAll(Pageable)
2024-07-05 17:04:06 DEBUG o.s.w.s.m.m.a.RequestMappingHandlerMapping - Mapped to app.training.controller.TrainingProgramController#getAll(Pageable)
2024-07-05 17:04:06 DEBUG o.s.w.s.m.m.a.RequestMappingHandlerMapping - Mapped to app.training.controller.TrainingProgramController#getAll(Pageable)
2024-07-05 17:04:06 DEBUG o.s.web.servlet.DispatcherServlet - GET "/programs", parameters={}
2024-07-05 17:04:06 DEBUG o.s.w.s.m.m.a.RequestMappingHandlerMapping - Mapped to app.training.controller.TrainingProgramController#getAll(Pageable)
2024-07-05 17:04:06 DEBUG o.s.w.s.m.m.a.RequestResponseBodyMethodProcessor - Using 'application/json', given [*/*] and supported [application/json, application/*+json]
2024-07-05 17:04:06 DEBUG o.s.w.s.m.m.a.RequestResponseBodyMethodProcessor - Writing [[TrainingProgramDto(id=1, name=WOD, about=WOF, imageData=[-1, -40, -1, -31, 31, -122, 69, 120, 105,  (truncated)...]
2024-07-05 17:04:06 DEBUG o.s.web.servlet.DispatcherServlet - Completed 200 OK
2024-07-05 17:04:07 ERROR o.t.t.u.DefaultBotSession - Error executing org.telegram.telegrambots.meta.api.methods.updates.GetUpdates query: [409] Conflict: terminated by other getUpdates request; make sure that only one bot instance is running
org.telegram.telegrambots.meta.exceptions.TelegramApiRequestException: Error executing org.telegram.telegrambots.meta.api.methods.updates.GetUpdates query: [409] Conflict: terminated by other getUpdates request; make sure that only one bot instance is running
	at org.telegram.telegrambots.meta.api.methods.PartialBotApiMethod.deserializeResponseInternal(PartialBotApiMethod.java:54)
	at org.telegram.telegrambots.meta.api.methods.PartialBotApiMethod.deserializeResponseArray(PartialBotApiMethod.java:39)
	at org.telegram.telegrambots.meta.api.methods.updates.GetUpdates.deserializeResponse(GetUpdates.java:83)
	at org.telegram.telegrambots.updatesreceivers.DefaultBotSession$ReaderThread.getUpdatesFromServer(DefaultBotSession.java:258)
	at org.telegram.telegrambots.updatesreceivers.DefaultBotSession$ReaderThread.run(DefaultBotSession.java:188)
2024-07-05 17:04:12 ERROR o.t.t.u.DefaultBotSession - Error executing org.telegram.telegrambots.meta.api.methods.updates.GetUpdates query: [409] Conflict: terminated by other getUpdates request; make sure that only one bot instance is running
org.telegram.telegrambots.meta.exceptions.TelegramApiRequestException: Error executing org.telegram.telegrambots.meta.api.methods.updates.GetUpdates query: [409] Conflict: terminated by other getUpdates request; make sure that only one bot instance is running
	at org.telegram.telegrambots.meta.api.methods.PartialBotApiMethod.deserializeResponseInternal(PartialBotApiMethod.java:54)
	at org.telegram.telegrambots.meta.api.methods.PartialBotApiMethod.deserializeResponseArray(PartialBotApiMethod.java:39)
	at org.telegram.telegrambots.meta.api.methods.updates.GetUpdates.deserializeResponse(GetUpdates.java:83)
	at org.telegram.telegrambots.updatesreceivers.DefaultBotSession$ReaderThread.getUpdatesFromServer(DefaultBotSession.java:258)
	at org.telegram.telegrambots.updatesreceivers.DefaultBotSession$ReaderThread.run(DefaultBotSession.java:188)
2024-07-05 17:04:16 ERROR o.t.t.u.DefaultBotSession - Error executing org.telegram.telegrambots.meta.api.methods.updates.GetUpdates query: [409] Conflict: terminated by other getUpdates request; make sure that only one bot instance is running
org.telegram.telegrambots.meta.exceptions.TelegramApiRequestException: Error executing org.telegram.telegrambots.meta.api.methods.updates.GetUpdates query: [409] Conflict: terminated by other getUpdates request; make sure that only one bot instance is running
	at org.telegram.telegrambots.meta.api.methods.PartialBotApiMethod.deserializeResponseInternal(PartialBotApiMethod.java:54)
	at org.telegram.telegrambots.meta.api.methods.PartialBotApiMethod.deserializeResponseArray(PartialBotApiMethod.java:39)
	at org.telegram.telegrambots.meta.api.methods.updates.GetUpdates.deserializeResponse(GetUpdates.java:83)
	at org.telegram.telegrambots.updatesreceivers.DefaultBotSession$ReaderThread.getUpdatesFromServer(DefaultBotSession.java:258)
	at org.telegram.telegrambots.updatesreceivers.DefaultBotSession$ReaderThread.run(DefaultBotSession.java:188)
2024-07-05 17:04:20 ERROR o.t.t.u.DefaultBotSession - Error executing org.telegram.telegrambots.meta.api.methods.updates.GetUpdates query: [409] Conflict: terminated by other getUpdates request; make sure that only one bot instance is running
org.telegram.telegrambots.meta.exceptions.TelegramApiRequestException: Error executing org.telegram.telegrambots.meta.api.methods.updates.GetUpdates query: [409] Conflict: terminated by other getUpdates request; make sure that only one bot instance is running
	at org.telegram.telegrambots.meta.api.methods.PartialBotApiMethod.deserializeResponseInternal(PartialBotApiMethod.java:54)
	at org.telegram.telegrambots.meta.api.methods.PartialBotApiMethod.deserializeResponseArray(PartialBotApiMethod.java:39)
	at org.telegram.telegrambots.meta.api.methods.updates.GetUpdates.deserializeResponse(GetUpdates.java:83)
	at org.telegram.telegrambots.updatesreceivers.DefaultBotSession$ReaderThread.getUpdatesFromServer(DefaultBotSession.java:258)
	at org.telegram.telegrambots.updatesreceivers.DefaultBotSession$ReaderThread.run(DefaultBotSession.java:188)
2024-07-05 17:04:24 ERROR o.t.t.u.DefaultBotSession - Error executing org.telegram.telegrambots.meta.api.methods.updates.GetUpdates query: [409] Conflict: terminated by other getUpdates request; make sure that only one bot instance is running
org.telegram.telegrambots.meta.exceptions.TelegramApiRequestException: Error executing org.telegram.telegrambots.meta.api.methods.updates.GetUpdates query: [409] Conflict: terminated by other getUpdates request; make sure that only one bot instance is running
	at org.telegram.telegrambots.meta.api.methods.PartialBotApiMethod.deserializeResponseInternal(PartialBotApiMethod.java:54)
	at org.telegram.telegrambots.meta.api.methods.PartialBotApiMethod.deserializeResponseArray(PartialBotApiMethod.java:39)
	at org.telegram.telegrambots.meta.api.methods.updates.GetUpdates.deserializeResponse(GetUpdates.java:83)
	at org.telegram.telegrambots.updatesreceivers.DefaultBotSession$ReaderThread.getUpdatesFromServer(DefaultBotSession.java:258)
	at org.telegram.telegrambots.updatesreceivers.DefaultBotSession$ReaderThread.run(DefaultBotSession.java:188)
2024-07-05 17:04:29 ERROR o.t.t.u.DefaultBotSession - Error executing org.telegram.telegrambots.meta.api.methods.updates.GetUpdates query: [409] Conflict: terminated by other getUpdates request; make sure that only one bot instance is running
org.telegram.telegrambots.meta.exceptions.TelegramApiRequestException: Error executing org.telegram.telegrambots.meta.api.methods.updates.GetUpdates query: [409] Conflict: terminated by other getUpdates request; make sure that only one bot instance is running
	at org.telegram.telegrambots.meta.api.methods.PartialBotApiMethod.deserializeResponseInternal(PartialBotApiMethod.java:54)
	at org.telegram.telegrambots.meta.api.methods.PartialBotApiMethod.deserializeResponseArray(PartialBotApiMethod.java:39)
	at org.telegram.telegrambots.meta.api.methods.updates.GetUpdates.deserializeResponse(GetUpdates.java:83)
	at org.telegram.telegrambots.updatesreceivers.DefaultBotSession$ReaderThread.getUpdatesFromServer(DefaultBotSession.java:258)
	at org.telegram.telegrambots.updatesreceivers.DefaultBotSession$ReaderThread.run(DefaultBotSession.java:188)
2024-07-05 17:04:33 ERROR o.t.t.u.DefaultBotSession - Error executing org.telegram.telegrambots.meta.api.methods.updates.GetUpdates query: [409] Conflict: terminated by other getUpdates request; make sure that only one bot instance is running
org.telegram.telegrambots.meta.exceptions.TelegramApiRequestException: Error executing org.telegram.telegrambots.meta.api.methods.updates.GetUpdates query: [409] Conflict: terminated by other getUpdates request; make sure that only one bot instance is running
	at org.telegram.telegrambots.meta.api.methods.PartialBotApiMethod.deserializeResponseInternal(PartialBotApiMethod.java:54)
	at org.telegram.telegrambots.meta.api.methods.PartialBotApiMethod.deserializeResponseArray(PartialBotApiMethod.java:39)
	at org.telegram.telegrambots.meta.api.methods.updates.GetUpdates.deserializeResponse(GetUpdates.java:83)
	at org.telegram.telegrambots.updatesreceivers.DefaultBotSession$ReaderThread.getUpdatesFromServer(DefaultBotSession.java:258)
	at org.telegram.telegrambots.updatesreceivers.DefaultBotSession$ReaderThread.run(DefaultBotSession.java:188)
2024-07-05 17:04:37 ERROR o.t.t.u.DefaultBotSession - Error executing org.telegram.telegrambots.meta.api.methods.updates.GetUpdates query: [409] Conflict: terminated by other getUpdates request; make sure that only one bot instance is running
org.telegram.telegrambots.meta.exceptions.TelegramApiRequestException: Error executing org.telegram.telegrambots.meta.api.methods.updates.GetUpdates query: [409] Conflict: terminated by other getUpdates request; make sure that only one bot instance is running
	at org.telegram.telegrambots.meta.api.methods.PartialBotApiMethod.deserializeResponseInternal(PartialBotApiMethod.java:54)
	at org.telegram.telegrambots.meta.api.methods.PartialBotApiMethod.deserializeResponseArray(PartialBotApiMethod.java:39)
	at org.telegram.telegrambots.meta.api.methods.updates.GetUpdates.deserializeResponse(GetUpdates.java:83)
	at org.telegram.telegrambots.updatesreceivers.DefaultBotSession$ReaderThread.getUpdatesFromServer(DefaultBotSession.java:258)
	at org.telegram.telegrambots.updatesreceivers.DefaultBotSession$ReaderThread.run(DefaultBotSession.java:188)
2024-07-05 17:04:41 ERROR o.t.t.u.DefaultBotSession - Error executing org.telegram.telegrambots.meta.api.methods.updates.GetUpdates query: [409] Conflict: terminated by other getUpdates request; make sure that only one bot instance is running
org.telegram.telegrambots.meta.exceptions.TelegramApiRequestException: Error executing org.telegram.telegrambots.meta.api.methods.updates.GetUpdates query: [409] Conflict: terminated by other getUpdates request; make sure that only one bot instance is running
	at org.telegram.telegrambots.meta.api.methods.PartialBotApiMethod.deserializeResponseInternal(PartialBotApiMethod.java:54)
	at org.telegram.telegrambots.meta.api.methods.PartialBotApiMethod.deserializeResponseArray(PartialBotApiMethod.java:39)
	at org.telegram.telegrambots.meta.api.methods.updates.GetUpdates.deserializeResponse(GetUpdates.java:83)
	at org.telegram.telegrambots.updatesreceivers.DefaultBotSession$ReaderThread.getUpdatesFromServer(DefaultBotSession.java:258)
	at org.telegram.telegrambots.updatesreceivers.DefaultBotSession$ReaderThread.run(DefaultBotSession.java:188)
2024-07-05 17:04:45 ERROR o.t.t.u.DefaultBotSession - Error executing org.telegram.telegrambots.meta.api.methods.updates.GetUpdates query: [409] Conflict: terminated by other getUpdates request; make sure that only one bot instance is running
org.telegram.telegrambots.meta.exceptions.TelegramApiRequestException: Error executing org.telegram.telegrambots.meta.api.methods.updates.GetUpdates query: [409] Conflict: terminated by other getUpdates request; make sure that only one bot instance is running
	at org.telegram.telegrambots.meta.api.methods.PartialBotApiMethod.deserializeResponseInternal(PartialBotApiMethod.java:54)
	at org.telegram.telegrambots.meta.api.methods.PartialBotApiMethod.deserializeResponseArray(PartialBotApiMethod.java:39)
	at org.telegram.telegrambots.meta.api.methods.updates.GetUpdates.deserializeResponse(GetUpdates.java:83)
	at org.telegram.telegrambots.updatesreceivers.DefaultBotSession$ReaderThread.getUpdatesFromServer(DefaultBotSession.java:258)
	at org.telegram.telegrambots.updatesreceivers.DefaultBotSession$ReaderThread.run(DefaultBotSession.java:188)
2024-07-05 17:04:49 ERROR o.t.t.u.DefaultBotSession - Error executing org.telegram.telegrambots.meta.api.methods.updates.GetUpdates query: [409] Conflict: terminated by other getUpdates request; make sure that only one bot instance is running
org.telegram.telegrambots.meta.exceptions.TelegramApiRequestException: Error executing org.telegram.telegrambots.meta.api.methods.updates.GetUpdates query: [409] Conflict: terminated by other getUpdates request; make sure that only one bot instance is running
	at org.telegram.telegrambots.meta.api.methods.PartialBotApiMethod.deserializeResponseInternal(PartialBotApiMethod.java:54)
	at org.telegram.telegrambots.meta.api.methods.PartialBotApiMethod.deserializeResponseArray(PartialBotApiMethod.java:39)
	at org.telegram.telegrambots.meta.api.methods.updates.GetUpdates.deserializeResponse(GetUpdates.java:83)
	at org.telegram.telegrambots.updatesreceivers.DefaultBotSession$ReaderThread.getUpdatesFromServer(DefaultBotSession.java:258)
	at org.telegram.telegrambots.updatesreceivers.DefaultBotSession$ReaderThread.run(DefaultBotSession.java:188)
2024-07-05 17:04:54 ERROR o.t.t.u.DefaultBotSession - Error executing org.telegram.telegrambots.meta.api.methods.updates.GetUpdates query: [409] Conflict: terminated by other getUpdates request; make sure that only one bot instance is running
org.telegram.telegrambots.meta.exceptions.TelegramApiRequestException: Error executing org.telegram.telegrambots.meta.api.methods.updates.GetUpdates query: [409] Conflict: terminated by other getUpdates request; make sure that only one bot instance is running
	at org.telegram.telegrambots.meta.api.methods.PartialBotApiMethod.deserializeResponseInternal(PartialBotApiMethod.java:54)
	at org.telegram.telegrambots.meta.api.methods.PartialBotApiMethod.deserializeResponseArray(PartialBotApiMethod.java:39)
	at org.telegram.telegrambots.meta.api.methods.updates.GetUpdates.deserializeResponse(GetUpdates.java:83)
	at org.telegram.telegrambots.updatesreceivers.DefaultBotSession$ReaderThread.getUpdatesFromServer(DefaultBotSession.java:258)
	at org.telegram.telegrambots.updatesreceivers.DefaultBotSession$ReaderThread.run(DefaultBotSession.java:188)
2024-07-05 17:04:58 ERROR o.t.t.u.DefaultBotSession - Error executing org.telegram.telegrambots.meta.api.methods.updates.GetUpdates query: [409] Conflict: terminated by other getUpdates request; make sure that only one bot instance is running
org.telegram.telegrambots.meta.exceptions.TelegramApiRequestException: Error executing org.telegram.telegrambots.meta.api.methods.updates.GetUpdates query: [409] Conflict: terminated by other getUpdates request; make sure that only one bot instance is running
	at org.telegram.telegrambots.meta.api.methods.PartialBotApiMethod.deserializeResponseInternal(PartialBotApiMethod.java:54)
	at org.telegram.telegrambots.meta.api.methods.PartialBotApiMethod.deserializeResponseArray(PartialBotApiMethod.java:39)
	at org.telegram.telegrambots.meta.api.methods.updates.GetUpdates.deserializeResponse(GetUpdates.java:83)
	at org.telegram.telegrambots.updatesreceivers.DefaultBotSession$ReaderThread.getUpdatesFromServer(DefaultBotSession.java:258)
	at org.telegram.telegrambots.updatesreceivers.DefaultBotSession$ReaderThread.run(DefaultBotSession.java:188)
2024-07-05 17:05:02 ERROR o.t.t.u.DefaultBotSession - Error executing org.telegram.telegrambots.meta.api.methods.updates.GetUpdates query: [409] Conflict: terminated by other getUpdates request; make sure that only one bot instance is running
org.telegram.telegrambots.meta.exceptions.TelegramApiRequestException: Error executing org.telegram.telegrambots.meta.api.methods.updates.GetUpdates query: [409] Conflict: terminated by other getUpdates request; make sure that only one bot instance is running
	at org.telegram.telegrambots.meta.api.methods.PartialBotApiMethod.deserializeResponseInternal(PartialBotApiMethod.java:54)
	at org.telegram.telegrambots.meta.api.methods.PartialBotApiMethod.deserializeResponseArray(PartialBotApiMethod.java:39)
	at org.telegram.telegrambots.meta.api.methods.updates.GetUpdates.deserializeResponse(GetUpdates.java:83)
	at org.telegram.telegrambots.updatesreceivers.DefaultBotSession$ReaderThread.getUpdatesFromServer(DefaultBotSession.java:258)
	at org.telegram.telegrambots.updatesreceivers.DefaultBotSession$ReaderThread.run(DefaultBotSession.java:188)
2024-07-05 17:05:06 ERROR o.t.t.u.DefaultBotSession - Error executing org.telegram.telegrambots.meta.api.methods.updates.GetUpdates query: [409] Conflict: terminated by other getUpdates request; make sure that only one bot instance is running
org.telegram.telegrambots.meta.exceptions.TelegramApiRequestException: Error executing org.telegram.telegrambots.meta.api.methods.updates.GetUpdates query: [409] Conflict: terminated by other getUpdates request; make sure that only one bot instance is running
	at org.telegram.telegrambots.meta.api.methods.PartialBotApiMethod.deserializeResponseInternal(PartialBotApiMethod.java:54)
	at org.telegram.telegrambots.meta.api.methods.PartialBotApiMethod.deserializeResponseArray(PartialBotApiMethod.java:39)
	at org.telegram.telegrambots.meta.api.methods.updates.GetUpdates.deserializeResponse(GetUpdates.java:83)
	at org.telegram.telegrambots.updatesreceivers.DefaultBotSession$ReaderThread.getUpdatesFromServer(DefaultBotSession.java:258)
	at org.telegram.telegrambots.updatesreceivers.DefaultBotSession$ReaderThread.run(DefaultBotSession.java:188)
2024-07-05 17:05:10 ERROR o.t.t.u.DefaultBotSession - Error executing org.telegram.telegrambots.meta.api.methods.updates.GetUpdates query: [409] Conflict: terminated by other getUpdates request; make sure that only one bot instance is running
org.telegram.telegrambots.meta.exceptions.TelegramApiRequestException: Error executing org.telegram.telegrambots.meta.api.methods.updates.GetUpdates query: [409] Conflict: terminated by other getUpdates request; make sure that only one bot instance is running
	at org.telegram.telegrambots.meta.api.methods.PartialBotApiMethod.deserializeResponseInternal(PartialBotApiMethod.java:54)
	at org.telegram.telegrambots.meta.api.methods.PartialBotApiMethod.deserializeResponseArray(PartialBotApiMethod.java:39)
	at org.telegram.telegrambots.meta.api.methods.updates.GetUpdates.deserializeResponse(GetUpdates.java:83)
	at org.telegram.telegrambots.updatesreceivers.DefaultBotSession$ReaderThread.getUpdatesFromServer(DefaultBotSession.java:258)
	at org.telegram.telegrambots.updatesreceivers.DefaultBotSession$ReaderThread.run(DefaultBotSession.java:188)
2024-07-05 17:05:15 ERROR o.t.t.u.DefaultBotSession - Error executing org.telegram.telegrambots.meta.api.methods.updates.GetUpdates query: [409] Conflict: terminated by other getUpdates request; make sure that only one bot instance is running
org.telegram.telegrambots.meta.exceptions.TelegramApiRequestException: Error executing org.telegram.telegrambots.meta.api.methods.updates.GetUpdates query: [409] Conflict: terminated by other getUpdates request; make sure that only one bot instance is running
	at org.telegram.telegrambots.meta.api.methods.PartialBotApiMethod.deserializeResponseInternal(PartialBotApiMethod.java:54)
	at org.telegram.telegrambots.meta.api.methods.PartialBotApiMethod.deserializeResponseArray(PartialBotApiMethod.java:39)
	at org.telegram.telegrambots.meta.api.methods.updates.GetUpdates.deserializeResponse(GetUpdates.java:83)
	at org.telegram.telegrambots.updatesreceivers.DefaultBotSession$ReaderThread.getUpdatesFromServer(DefaultBotSession.java:258)
	at org.telegram.telegrambots.updatesreceivers.DefaultBotSession$ReaderThread.run(DefaultBotSession.java:188)
2024-07-05 17:05:19 ERROR o.t.t.u.DefaultBotSession - Error executing org.telegram.telegrambots.meta.api.methods.updates.GetUpdates query: [409] Conflict: terminated by other getUpdates request; make sure that only one bot instance is running
org.telegram.telegrambots.meta.exceptions.TelegramApiRequestException: Error executing org.telegram.telegrambots.meta.api.methods.updates.GetUpdates query: [409] Conflict: terminated by other getUpdates request; make sure that only one bot instance is running
	at org.telegram.telegrambots.meta.api.methods.PartialBotApiMethod.deserializeResponseInternal(PartialBotApiMethod.java:54)
	at org.telegram.telegrambots.meta.api.methods.PartialBotApiMethod.deserializeResponseArray(PartialBotApiMethod.java:39)
	at org.telegram.telegrambots.meta.api.methods.updates.GetUpdates.deserializeResponse(GetUpdates.java:83)
	at org.telegram.telegrambots.updatesreceivers.DefaultBotSession$ReaderThread.getUpdatesFromServer(DefaultBotSession.java:258)
	at org.telegram.telegrambots.updatesreceivers.DefaultBotSession$ReaderThread.run(DefaultBotSession.java:188)
2024-07-05 17:05:23 ERROR o.t.t.u.DefaultBotSession - Error executing org.telegram.telegrambots.meta.api.methods.updates.GetUpdates query: [409] Conflict: terminated by other getUpdates request; make sure that only one bot instance is running
org.telegram.telegrambots.meta.exceptions.TelegramApiRequestException: Error executing org.telegram.telegrambots.meta.api.methods.updates.GetUpdates query: [409] Conflict: terminated by other getUpdates request; make sure that only one bot instance is running
	at org.telegram.telegrambots.meta.api.methods.PartialBotApiMethod.deserializeResponseInternal(PartialBotApiMethod.java:54)
	at org.telegram.telegrambots.meta.api.methods.PartialBotApiMethod.deserializeResponseArray(PartialBotApiMethod.java:39)
	at org.telegram.telegrambots.meta.api.methods.updates.GetUpdates.deserializeResponse(GetUpdates.java:83)
	at org.telegram.telegrambots.updatesreceivers.DefaultBotSession$ReaderThread.getUpdatesFromServer(DefaultBotSession.java:258)
	at org.telegram.telegrambots.updatesreceivers.DefaultBotSession$ReaderThread.run(DefaultBotSession.java:188)
2024-07-05 17:05:27 ERROR o.t.t.u.DefaultBotSession - Error executing org.telegram.telegrambots.meta.api.methods.updates.GetUpdates query: [409] Conflict: terminated by other getUpdates request; make sure that only one bot instance is running
org.telegram.telegrambots.meta.exceptions.TelegramApiRequestException: Error executing org.telegram.telegrambots.meta.api.methods.updates.GetUpdates query: [409] Conflict: terminated by other getUpdates request; make sure that only one bot instance is running
	at org.telegram.telegrambots.meta.api.methods.PartialBotApiMethod.deserializeResponseInternal(PartialBotApiMethod.java:54)
	at org.telegram.telegrambots.meta.api.methods.PartialBotApiMethod.deserializeResponseArray(PartialBotApiMethod.java:39)
	at org.telegram.telegrambots.meta.api.methods.updates.GetUpdates.deserializeResponse(GetUpdates.java:83)
	at org.telegram.telegrambots.updatesreceivers.DefaultBotSession$ReaderThread.getUpdatesFromServer(DefaultBotSession.java:258)
	at org.telegram.telegrambots.updatesreceivers.DefaultBotSession$ReaderThread.run(DefaultBotSession.java:188)
2024-07-05 17:05:32 ERROR o.t.t.u.DefaultBotSession - Error executing org.telegram.telegrambots.meta.api.methods.updates.GetUpdates query: [409] Conflict: terminated by other getUpdates request; make sure that only one bot instance is running
org.telegram.telegrambots.meta.exceptions.TelegramApiRequestException: Error executing org.telegram.telegrambots.meta.api.methods.updates.GetUpdates query: [409] Conflict: terminated by other getUpdates request; make sure that only one bot instance is running
	at org.telegram.telegrambots.meta.api.methods.PartialBotApiMethod.deserializeResponseInternal(PartialBotApiMethod.java:54)
	at org.telegram.telegrambots.meta.api.methods.PartialBotApiMethod.deserializeResponseArray(PartialBotApiMethod.java:39)
	at org.telegram.telegrambots.meta.api.methods.updates.GetUpdates.deserializeResponse(GetUpdates.java:83)
	at org.telegram.telegrambots.updatesreceivers.DefaultBotSession$ReaderThread.getUpdatesFromServer(DefaultBotSession.java:258)
	at org.telegram.telegrambots.updatesreceivers.DefaultBotSession$ReaderThread.run(DefaultBotSession.java:188)
2024-07-05 17:05:36 ERROR o.t.t.u.DefaultBotSession - Error executing org.telegram.telegrambots.meta.api.methods.updates.GetUpdates query: [409] Conflict: terminated by other getUpdates request; make sure that only one bot instance is running
org.telegram.telegrambots.meta.exceptions.TelegramApiRequestException: Error executing org.telegram.telegrambots.meta.api.methods.updates.GetUpdates query: [409] Conflict: terminated by other getUpdates request; make sure that only one bot instance is running
	at org.telegram.telegrambots.meta.api.methods.PartialBotApiMethod.deserializeResponseInternal(PartialBotApiMethod.java:54)
	at org.telegram.telegrambots.meta.api.methods.PartialBotApiMethod.deserializeResponseArray(PartialBotApiMethod.java:39)
	at org.telegram.telegrambots.meta.api.methods.updates.GetUpdates.deserializeResponse(GetUpdates.java:83)
	at org.telegram.telegrambots.updatesreceivers.DefaultBotSession$ReaderThread.getUpdatesFromServer(DefaultBotSession.java:258)
	at org.telegram.telegrambots.updatesreceivers.DefaultBotSession$ReaderThread.run(DefaultBotSession.java:188)
2024-07-05 17:05:40 ERROR o.t.t.u.DefaultBotSession - Error executing org.telegram.telegrambots.meta.api.methods.updates.GetUpdates query: [409] Conflict: terminated by other getUpdates request; make sure that only one bot instance is running
org.telegram.telegrambots.meta.exceptions.TelegramApiRequestException: Error executing org.telegram.telegrambots.meta.api.methods.updates.GetUpdates query: [409] Conflict: terminated by other getUpdates request; make sure that only one bot instance is running
	at org.telegram.telegrambots.meta.api.methods.PartialBotApiMethod.deserializeResponseInternal(PartialBotApiMethod.java:54)
	at org.telegram.telegrambots.meta.api.methods.PartialBotApiMethod.deserializeResponseArray(PartialBotApiMethod.java:39)
	at org.telegram.telegrambots.meta.api.methods.updates.GetUpdates.deserializeResponse(GetUpdates.java:83)
	at org.telegram.telegrambots.updatesreceivers.DefaultBotSession$ReaderThread.getUpdatesFromServer(DefaultBotSession.java:258)
	at org.telegram.telegrambots.updatesreceivers.DefaultBotSession$ReaderThread.run(DefaultBotSession.java:188)
2024-07-05 17:05:44 ERROR o.t.t.u.DefaultBotSession - Error executing org.telegram.telegrambots.meta.api.methods.updates.GetUpdates query: [409] Conflict: terminated by other getUpdates request; make sure that only one bot instance is running
org.telegram.telegrambots.meta.exceptions.TelegramApiRequestException: Error executing org.telegram.telegrambots.meta.api.methods.updates.GetUpdates query: [409] Conflict: terminated by other getUpdates request; make sure that only one bot instance is running
	at org.telegram.telegrambots.meta.api.methods.PartialBotApiMethod.deserializeResponseInternal(PartialBotApiMethod.java:54)
	at org.telegram.telegrambots.meta.api.methods.PartialBotApiMethod.deserializeResponseArray(PartialBotApiMethod.java:39)
	at org.telegram.telegrambots.meta.api.methods.updates.GetUpdates.deserializeResponse(GetUpdates.java:83)
	at org.telegram.telegrambots.updatesreceivers.DefaultBotSession$ReaderThread.getUpdatesFromServer(DefaultBotSession.java:258)
	at org.telegram.telegrambots.updatesreceivers.DefaultBotSession$ReaderThread.run(DefaultBotSession.java:188)
2024-07-05 17:05:47 INFO  o.s.o.j.LocalContainerEntityManagerFactoryBean - Closing JPA EntityManagerFactory for persistence unit 'default'
2024-07-05 17:05:47 INFO  com.zaxxer.hikari.HikariDataSource - HikariPool-1 - Shutdown initiated...
2024-07-05 17:05:47 INFO  com.zaxxer.hikari.HikariDataSource - HikariPool-1 - Shutdown completed.
2024-07-05 17:06:24 INFO  o.h.validator.internal.util.Version - HV000001: Hibernate Validator 8.0.1.Final
2024-07-05 17:06:24 INFO  a.t.TestTrainingAppApplicationTests - Starting TestTrainingAppApplicationTests using Java 21 with PID 41474 (started by machytataras in /Users/machytataras/IdeaProjects/WodJava)
2024-07-05 17:06:24 INFO  a.t.TestTrainingAppApplicationTests - The following 1 profile is active: "test"
2024-07-05 17:06:24 INFO  a.t.TestTrainingAppApplicationTests - Started TestTrainingAppApplicationTests in 0.734 seconds (process running for 2.173)
2024-07-05 17:06:26 INFO  a.t.s.support.SupportServiceImpl - Sending email from user: test@gmail.com
2024-07-05 17:06:26 INFO  a.t.s.support.SupportServiceImpl - Mail successfully sent WODWarrior
2024-07-05 17:06:26 INFO  a.t.s.email.EmailSenderServiceImpl - Mail successfully sent WODWarrior
2024-07-05 17:06:26 INFO  a.t.s.email.EmailSenderServiceImpl - Sending email from: test@gmail.com to: null
2024-07-05 17:06:26 INFO  a.t.s.email.EmailSenderServiceImpl - Mail successfully sent WODWarrior
2024-07-05 23:35:02 INFO  o.h.validator.internal.util.Version - HV000001: Hibernate Validator 8.0.1.Final
2024-07-05 23:35:02 INFO  a.t.TestTrainingAppApplication - Starting TestTrainingAppApplication using Java 22.0.1 with PID 41843 (/Users/machytataras/IdeaProjects/WodJava/target/classes started by machytataras in /Users/machytataras/IdeaProjects/WodJava)
2024-07-05 23:35:02 INFO  a.t.TestTrainingAppApplication - No active profile set, falling back to 1 default profile: "default"
2024-07-05 23:35:03 INFO  o.s.d.r.c.RepositoryConfigurationDelegate - Bootstrapping Spring Data JPA repositories in DEFAULT mode.
2024-07-05 23:35:03 INFO  o.s.d.r.c.RepositoryConfigurationDelegate - Finished Spring Data repository scanning in 77 ms. Found 6 JPA repository interfaces.
2024-07-05 23:35:03 INFO  o.s.b.w.e.tomcat.TomcatWebServer - Tomcat initialized with port(s): 8443 (https)
2024-07-05 23:35:03 INFO  o.a.coyote.http11.Http11NioProtocol - Initializing ProtocolHandler ["https-jsse-nio-8443"]
2024-07-05 23:35:04 INFO  o.a.catalina.core.StandardService - Starting service [Tomcat]
2024-07-05 23:35:04 INFO  o.a.catalina.core.StandardEngine - Starting Servlet engine: [Apache Tomcat/10.1.15]
2024-07-05 23:35:04 INFO  o.a.c.c.C.[Tomcat].[localhost].[/] - Initializing Spring embedded WebApplicationContext
2024-07-05 23:35:04 INFO  o.s.b.w.s.c.ServletWebServerApplicationContext - Root WebApplicationContext: initialization completed in 1999 ms
2024-07-05 23:35:04 INFO  o.h.jpa.internal.util.LogHelper - HHH000204: Processing PersistenceUnitInfo [name: default]
2024-07-05 23:35:04 INFO  org.hibernate.Version - HHH000412: Hibernate ORM core version 6.2.13.Final
2024-07-05 23:35:04 INFO  org.hibernate.cfg.Environment - HHH000406: Using bytecode reflection optimizer
2024-07-05 23:35:04 INFO  o.s.o.j.p.SpringPersistenceUnitInfo - No LoadTimeWeaver setup: ignoring JPA class transformer
2024-07-05 23:35:04 INFO  com.zaxxer.hikari.HikariDataSource - HikariPool-1 - Starting...
2024-07-05 23:35:04 INFO  com.zaxxer.hikari.pool.HikariPool - HikariPool-1 - Added connection com.mysql.cj.jdbc.ConnectionImpl@3573e19d
2024-07-05 23:35:04 INFO  com.zaxxer.hikari.HikariDataSource - HikariPool-1 - Start completed.
2024-07-05 23:35:05 INFO  o.h.e.t.j.p.i.JtaPlatformInitiator - HHH000489: No JTA platform available (set 'hibernate.transaction.jta.platform' to enable JTA platform integration)
2024-07-05 23:35:06 INFO  o.s.o.j.LocalContainerEntityManagerFactoryBean - Initialized JPA EntityManagerFactory for persistence unit 'default'
2024-07-05 23:35:06 DEBUG o.s.web.filter.CorsFilter - Filter 'corsFilter' configured for use
2024-07-05 23:35:07 WARN  o.s.b.a.o.j.JpaBaseConfiguration$JpaWebConfiguration - spring.jpa.open-in-view is enabled by default. Therefore, database queries may be performed during view rendering. Explicitly configure spring.jpa.open-in-view to disable this warning
2024-07-05 23:35:07 DEBUG o.s.w.s.m.m.a.RequestMappingHandlerMapping - 51 mappings in 'requestMappingHandlerMapping'
2024-07-05 23:35:07 DEBUG o.s.w.s.h.SimpleUrlHandlerMapping - Patterns [/webjars/**, /**, /swagger-ui*/*swagger-initializer.js, /swagger-ui*/**] in 'resourceHandlerMapping'
2024-07-05 23:35:07 INFO  o.s.s.web.DefaultSecurityFilterChain - Will secure any request with [org.springframework.security.web.session.DisableEncodeUrlFilter@4ac7927a, org.springframework.security.web.context.request.async.WebAsyncManagerIntegrationFilter@25bfc558, org.springframework.security.web.context.SecurityContextHolderFilter@3c9cab4, org.springframework.security.web.header.HeaderWriterFilter@5b084c4c, org.springframework.security.web.authentication.logout.LogoutFilter@2527765a, app.training.security.JwtAuthenticationFilter$$SpringCGLIB$$0@569b3009, org.springframework.security.web.authentication.www.BasicAuthenticationFilter@399ac1a3, org.springframework.security.web.savedrequest.RequestCacheAwareFilter@2ff4d61b, org.springframework.security.web.servletapi.SecurityContextHolderAwareRequestFilter@402fcf14, org.springframework.security.web.authentication.AnonymousAuthenticationFilter@3d837af7, org.springframework.security.web.session.SessionManagementFilter@10c11e36, org.springframework.security.web.access.ExceptionTranslationFilter@2a2cdba0, org.springframework.security.web.access.intercept.AuthorizationFilter@2b9bacb8]
2024-07-05 23:35:07 DEBUG o.s.w.s.m.m.a.RequestMappingHandlerAdapter - ControllerAdvice beans: 0 @ModelAttribute, 0 @InitBinder, 1 RequestBodyAdvice, 1 ResponseBodyAdvice
2024-07-05 23:35:07 DEBUG o.s.w.s.m.m.a.ExceptionHandlerExceptionResolver - ControllerAdvice beans: 2 @ExceptionHandler, 1 ResponseBodyAdvice
2024-07-05 23:35:07 INFO  o.a.coyote.http11.Http11NioProtocol - Starting ProtocolHandler ["https-jsse-nio-8443"]
2024-07-05 23:35:07 INFO  o.a.t.u.net.NioEndpoint.certificate - Connector [https-jsse-nio-8443], TLS virtual host [_default_], certificate type [UNDEFINED] configured from keystore [/Users/machytataras/.keystore] using alias [tomcat] with trust store [null]
2024-07-05 23:35:07 INFO  o.s.b.w.e.tomcat.TomcatWebServer - Tomcat started on port(s): 8443 (https) with context path ''
2024-07-05 23:35:07 INFO  a.t.TestTrainingAppApplication - Started TestTrainingAppApplication in 6.399 seconds (process running for 7.559)
2024-07-05 23:35:17 INFO  o.a.c.c.C.[Tomcat].[localhost].[/] - Initializing Spring DispatcherServlet 'dispatcherServlet'
2024-07-05 23:35:17 INFO  o.s.web.servlet.DispatcherServlet - Initializing Servlet 'dispatcherServlet'
2024-07-05 23:35:17 DEBUG o.s.web.servlet.DispatcherServlet - Detected StandardServletMultipartResolver
2024-07-05 23:35:17 DEBUG o.s.web.servlet.DispatcherServlet - Detected AcceptHeaderLocaleResolver
2024-07-05 23:35:17 DEBUG o.s.web.servlet.DispatcherServlet - Detected FixedThemeResolver
2024-07-05 23:35:17 DEBUG o.s.web.servlet.DispatcherServlet - Detected org.springframework.web.servlet.view.DefaultRequestToViewNameTranslator@32eca9f4
2024-07-05 23:35:17 DEBUG o.s.web.servlet.DispatcherServlet - Detected org.springframework.web.servlet.support.SessionFlashMapManager@4ee9daf5
2024-07-05 23:35:17 DEBUG o.s.web.servlet.DispatcherServlet - enableLoggingRequestDetails='false': request parameters and headers will be masked to prevent unsafe logging of potentially sensitive data
2024-07-05 23:35:17 INFO  o.s.web.servlet.DispatcherServlet - Completed initialization in 5 ms
2024-07-05 23:35:17 DEBUG o.s.w.s.m.m.a.RequestMappingHandlerMapping - Mapped to app.training.controller.TrainingProgramController#getAll(Pageable)
2024-07-05 23:35:17 DEBUG o.s.w.s.m.m.a.RequestMappingHandlerMapping - Mapped to app.training.controller.TrainingProgramController#getAll(Pageable)
2024-07-05 23:35:17 DEBUG o.s.w.s.m.m.a.RequestMappingHandlerMapping - Mapped to app.training.controller.TrainingProgramController#getAll(Pageable)
2024-07-05 23:35:17 DEBUG o.s.w.s.m.m.a.RequestMappingHandlerMapping - Mapped to app.training.controller.TrainingProgramController#getAll(Pageable)
2024-07-05 23:35:17 DEBUG o.s.w.s.m.m.a.RequestMappingHandlerMapping - Mapped to app.training.controller.TrainingProgramController#getAll(Pageable)
2024-07-05 23:35:17 DEBUG o.s.web.servlet.DispatcherServlet - GET "/programs", parameters={}
2024-07-05 23:35:17 DEBUG o.s.w.s.m.m.a.RequestMappingHandlerMapping - Mapped to app.training.controller.TrainingProgramController#getAll(Pageable)
2024-07-05 23:35:17 DEBUG o.s.w.s.m.m.a.RequestResponseBodyMethodProcessor - Using 'application/json', given [*/*] and supported [application/json, application/*+json]
2024-07-05 23:35:18 DEBUG o.s.w.s.m.m.a.RequestResponseBodyMethodProcessor - Writing [[TrainingProgramDto(id=1, name=WOD, about=WOF, imageData=[-1, -40, -1, -31, 31, -122, 69, 120, 105,  (truncated)...]
2024-07-05 23:35:18 DEBUG o.s.web.servlet.DispatcherServlet - Completed 200 OK
2024-07-05 23:36:01 DEBUG o.s.w.s.m.m.a.RequestMappingHandlerMapping - Mapped to app.training.controller.TrainingProgramController#getAllByDate(LocalDate, Pageable)
2024-07-05 23:36:01 DEBUG o.s.w.s.m.m.a.RequestMappingHandlerMapping - Mapped to app.training.controller.TrainingProgramController#getAllByDate(LocalDate, Pageable)
2024-07-05 23:36:01 DEBUG o.s.w.s.m.m.a.RequestMappingHandlerMapping - Mapped to app.training.controller.TrainingProgramController#getAllByDate(LocalDate, Pageable)
2024-07-05 23:36:01 DEBUG o.s.w.s.m.m.a.RequestMappingHandlerMapping - Mapped to app.training.controller.TrainingProgramController#getAllByDate(LocalDate, Pageable)
2024-07-05 23:36:01 DEBUG o.s.w.s.m.m.a.RequestMappingHandlerMapping - Mapped to app.training.controller.TrainingProgramController#getAllByDate(LocalDate, Pageable)
2024-07-05 23:36:01 DEBUG o.s.web.servlet.DispatcherServlet - GET "/programs/by-date/2024-06-25%22", parameters={}
2024-07-05 23:36:01 DEBUG o.s.w.s.m.m.a.RequestMappingHandlerMapping - Mapped to app.training.controller.TrainingProgramController#getAllByDate(LocalDate, Pageable)
2024-07-05 23:36:01 DEBUG o.s.web.method.HandlerMethod - Could not resolve parameter [0] in public java.util.List<app.training.dto.trainingprogram.TrainingProgramDto> app.training.controller.TrainingProgramController.getAllByDate(java.time.LocalDate,org.springframework.data.domain.Pageable): Failed to convert value of type 'java.lang.String' to required type 'java.time.LocalDate'; Failed to convert from type [java.lang.String] to type [@org.springframework.web.bind.annotation.PathVariable java.time.LocalDate] for value [2024-06-25"]
2024-07-05 23:36:01 DEBUG o.s.w.s.m.m.a.ExceptionHandlerExceptionResolver - Using @ExceptionHandler app.training.exception.CustomGlobalExceptionHandler#handleException(Exception, WebRequest)
2024-07-05 23:36:01 DEBUG o.s.w.s.m.m.a.HttpEntityMethodProcessor - Using 'application/problem+json', given [*/*] and supported [application/problem+json]
2024-07-05 23:36:01 DEBUG o.s.w.s.m.m.a.HttpEntityMethodProcessor - Writing [ProblemDetail[type='about:blank', title='Bad Request', status=400, detail='Failed to convert 'date'  (truncated)...]
2024-07-05 23:36:01 DEBUG o.s.w.s.m.m.a.ExceptionHandlerExceptionResolver - Resolved [org.springframework.web.method.annotation.MethodArgumentTypeMismatchException: Failed to convert value of type 'java.lang.String' to required type 'java.time.LocalDate'; Failed to convert from type [java.lang.String] to type [@org.springframework.web.bind.annotation.PathVariable java.time.LocalDate] for value [2024-06-25"]]
2024-07-05 23:36:01 DEBUG o.s.web.servlet.DispatcherServlet - Completed 400 BAD_REQUEST
2024-07-05 23:36:05 DEBUG o.s.w.s.m.m.a.RequestMappingHandlerMapping - Mapped to app.training.controller.TrainingProgramController#getAllByDate(LocalDate, Pageable)
2024-07-05 23:36:05 DEBUG o.s.w.s.m.m.a.RequestMappingHandlerMapping - Mapped to app.training.controller.TrainingProgramController#getAllByDate(LocalDate, Pageable)
2024-07-05 23:36:05 DEBUG o.s.w.s.m.m.a.RequestMappingHandlerMapping - Mapped to app.training.controller.TrainingProgramController#getAllByDate(LocalDate, Pageable)
2024-07-05 23:36:05 DEBUG o.s.w.s.m.m.a.RequestMappingHandlerMapping - Mapped to app.training.controller.TrainingProgramController#getAllByDate(LocalDate, Pageable)
2024-07-05 23:36:05 DEBUG o.s.w.s.m.m.a.RequestMappingHandlerMapping - Mapped to app.training.controller.TrainingProgramController#getAllByDate(LocalDate, Pageable)
2024-07-05 23:36:05 DEBUG o.s.web.servlet.DispatcherServlet - GET "/programs/by-date/2024-06-25", parameters={}
2024-07-05 23:36:05 DEBUG o.s.w.s.m.m.a.RequestMappingHandlerMapping - Mapped to app.training.controller.TrainingProgramController#getAllByDate(LocalDate, Pageable)
2024-07-05 23:36:05 DEBUG o.s.w.s.m.m.a.RequestResponseBodyMethodProcessor - Using 'application/json', given [*/*] and supported [application/json, application/*+json]
2024-07-05 23:36:06 DEBUG o.s.w.s.m.m.a.RequestResponseBodyMethodProcessor - Writing [[TrainingProgramDto(id=1, name=WOD, about=WOF, imageData=[-1, -40, -1, -31, 31, -122, 69, 120, 105,  (truncated)...]
2024-07-05 23:36:06 DEBUG o.s.web.servlet.DispatcherServlet - Completed 200 OK
2024-07-05 23:36:13 DEBUG o.s.w.s.m.m.a.RequestMappingHandlerMapping - Mapped to app.training.controller.TrainingProgramController#getAllByDate(LocalDate, Pageable)
2024-07-05 23:36:13 DEBUG o.s.w.s.m.m.a.RequestMappingHandlerMapping - Mapped to app.training.controller.TrainingProgramController#getAllByDate(LocalDate, Pageable)
2024-07-05 23:36:13 DEBUG o.s.w.s.m.m.a.RequestMappingHandlerMapping - Mapped to app.training.controller.TrainingProgramController#getAllByDate(LocalDate, Pageable)
2024-07-05 23:36:13 DEBUG o.s.w.s.m.m.a.RequestMappingHandlerMapping - Mapped to app.training.controller.TrainingProgramController#getAllByDate(LocalDate, Pageable)
2024-07-05 23:36:13 DEBUG o.s.w.s.m.m.a.RequestMappingHandlerMapping - Mapped to app.training.controller.TrainingProgramController#getAllByDate(LocalDate, Pageable)
2024-07-05 23:36:13 DEBUG o.s.web.servlet.DispatcherServlet - GET "/programs/by-date/2024-06-25", parameters={}
2024-07-05 23:36:13 DEBUG o.s.w.s.m.m.a.RequestMappingHandlerMapping - Mapped to app.training.controller.TrainingProgramController#getAllByDate(LocalDate, Pageable)
2024-07-05 23:36:13 DEBUG o.s.w.s.m.m.a.RequestResponseBodyMethodProcessor - Using 'application/json', given [*/*] and supported [application/json, application/*+json]
2024-07-05 23:36:13 DEBUG o.s.w.s.m.m.a.RequestResponseBodyMethodProcessor - Writing [[TrainingProgramDto(id=1, name=WOD, about=WOF, imageData=[-1, -40, -1, -31, 31, -122, 69, 120, 105,  (truncated)...]
2024-07-05 23:36:13 DEBUG o.s.web.servlet.DispatcherServlet - Completed 200 OK
2024-07-05 23:36:19 DEBUG o.s.w.s.m.m.a.RequestMappingHandlerMapping - Mapped to app.training.controller.TrainingProgramController#getAllByDate(LocalDate, Pageable)
2024-07-05 23:36:19 DEBUG o.s.w.s.m.m.a.RequestMappingHandlerMapping - Mapped to app.training.controller.TrainingProgramController#getAllByDate(LocalDate, Pageable)
2024-07-05 23:36:19 DEBUG o.s.w.s.m.m.a.RequestMappingHandlerMapping - Mapped to app.training.controller.TrainingProgramController#getAllByDate(LocalDate, Pageable)
2024-07-05 23:36:19 DEBUG o.s.w.s.m.m.a.RequestMappingHandlerMapping - Mapped to app.training.controller.TrainingProgramController#getAllByDate(LocalDate, Pageable)
2024-07-05 23:36:19 DEBUG o.s.w.s.m.m.a.RequestMappingHandlerMapping - Mapped to app.training.controller.TrainingProgramController#getAllByDate(LocalDate, Pageable)
2024-07-05 23:36:19 DEBUG o.s.web.servlet.DispatcherServlet - GET "/programs/by-date/2024-06-26", parameters={}
2024-07-05 23:36:19 DEBUG o.s.w.s.m.m.a.RequestMappingHandlerMapping - Mapped to app.training.controller.TrainingProgramController#getAllByDate(LocalDate, Pageable)
2024-07-05 23:36:19 DEBUG o.s.w.s.m.m.a.RequestResponseBodyMethodProcessor - Using 'application/json', given [*/*] and supported [application/json, application/*+json]
2024-07-05 23:36:19 DEBUG o.s.w.s.m.m.a.RequestResponseBodyMethodProcessor - Writing [[]]
2024-07-05 23:36:19 DEBUG o.s.web.servlet.DispatcherServlet - Completed 200 OK
2024-07-05 23:36:21 DEBUG o.s.w.s.m.m.a.RequestMappingHandlerMapping - Mapped to app.training.controller.TrainingProgramController#getAllByDate(LocalDate, Pageable)
2024-07-05 23:36:21 DEBUG o.s.w.s.m.m.a.RequestMappingHandlerMapping - Mapped to app.training.controller.TrainingProgramController#getAllByDate(LocalDate, Pageable)
2024-07-05 23:36:21 DEBUG o.s.w.s.m.m.a.RequestMappingHandlerMapping - Mapped to app.training.controller.TrainingProgramController#getAllByDate(LocalDate, Pageable)
2024-07-05 23:36:21 DEBUG o.s.w.s.m.m.a.RequestMappingHandlerMapping - Mapped to app.training.controller.TrainingProgramController#getAllByDate(LocalDate, Pageable)
2024-07-05 23:36:21 DEBUG o.s.w.s.m.m.a.RequestMappingHandlerMapping - Mapped to app.training.controller.TrainingProgramController#getAllByDate(LocalDate, Pageable)
2024-07-05 23:36:21 DEBUG o.s.web.servlet.DispatcherServlet - GET "/programs/by-date/2024-06-24", parameters={}
2024-07-05 23:36:21 DEBUG o.s.w.s.m.m.a.RequestMappingHandlerMapping - Mapped to app.training.controller.TrainingProgramController#getAllByDate(LocalDate, Pageable)
2024-07-05 23:36:21 DEBUG o.s.w.s.m.m.a.RequestResponseBodyMethodProcessor - Using 'application/json', given [*/*] and supported [application/json, application/*+json]
2024-07-05 23:36:21 DEBUG o.s.w.s.m.m.a.RequestResponseBodyMethodProcessor - Writing [[]]
2024-07-05 23:36:21 DEBUG o.s.web.servlet.DispatcherServlet - Completed 200 OK
2024-07-05 23:36:22 DEBUG o.s.w.s.m.m.a.RequestMappingHandlerMapping - Mapped to app.training.controller.TrainingProgramController#getAllByDate(LocalDate, Pageable)
2024-07-05 23:36:22 DEBUG o.s.w.s.m.m.a.RequestMappingHandlerMapping - Mapped to app.training.controller.TrainingProgramController#getAllByDate(LocalDate, Pageable)
2024-07-05 23:36:22 DEBUG o.s.w.s.m.m.a.RequestMappingHandlerMapping - Mapped to app.training.controller.TrainingProgramController#getAllByDate(LocalDate, Pageable)
2024-07-05 23:36:22 DEBUG o.s.w.s.m.m.a.RequestMappingHandlerMapping - Mapped to app.training.controller.TrainingProgramController#getAllByDate(LocalDate, Pageable)
2024-07-05 23:36:22 DEBUG o.s.w.s.m.m.a.RequestMappingHandlerMapping - Mapped to app.training.controller.TrainingProgramController#getAllByDate(LocalDate, Pageable)
2024-07-05 23:36:22 DEBUG o.s.web.servlet.DispatcherServlet - GET "/programs/by-date/2024-06-23", parameters={}
2024-07-05 23:36:22 DEBUG o.s.w.s.m.m.a.RequestMappingHandlerMapping - Mapped to app.training.controller.TrainingProgramController#getAllByDate(LocalDate, Pageable)
2024-07-05 23:36:22 DEBUG o.s.w.s.m.m.a.RequestResponseBodyMethodProcessor - Using 'application/json', given [*/*] and supported [application/json, application/*+json]
2024-07-05 23:36:22 DEBUG o.s.w.s.m.m.a.RequestResponseBodyMethodProcessor - Writing [[]]
2024-07-05 23:36:22 DEBUG o.s.web.servlet.DispatcherServlet - Completed 200 OK
2024-07-05 23:36:22 DEBUG o.s.w.s.m.m.a.RequestMappingHandlerMapping - Mapped to app.training.controller.TrainingProgramController#getAllByDate(LocalDate, Pageable)
2024-07-05 23:36:22 DEBUG o.s.w.s.m.m.a.RequestMappingHandlerMapping - Mapped to app.training.controller.TrainingProgramController#getAllByDate(LocalDate, Pageable)
2024-07-05 23:36:22 DEBUG o.s.w.s.m.m.a.RequestMappingHandlerMapping - Mapped to app.training.controller.TrainingProgramController#getAllByDate(LocalDate, Pageable)
2024-07-05 23:36:22 DEBUG o.s.w.s.m.m.a.RequestMappingHandlerMapping - Mapped to app.training.controller.TrainingProgramController#getAllByDate(LocalDate, Pageable)
2024-07-05 23:36:22 DEBUG o.s.w.s.m.m.a.RequestMappingHandlerMapping - Mapped to app.training.controller.TrainingProgramController#getAllByDate(LocalDate, Pageable)
2024-07-05 23:36:22 DEBUG o.s.web.servlet.DispatcherServlet - GET "/programs/by-date/2024-06-22", parameters={}
2024-07-05 23:36:22 DEBUG o.s.w.s.m.m.a.RequestMappingHandlerMapping - Mapped to app.training.controller.TrainingProgramController#getAllByDate(LocalDate, Pageable)
2024-07-05 23:36:22 DEBUG o.s.w.s.m.m.a.RequestResponseBodyMethodProcessor - Using 'application/json', given [*/*] and supported [application/json, application/*+json]
2024-07-05 23:36:22 DEBUG o.s.w.s.m.m.a.RequestResponseBodyMethodProcessor - Writing [[]]
2024-07-05 23:36:22 DEBUG o.s.web.servlet.DispatcherServlet - Completed 200 OK
2024-07-05 23:36:23 DEBUG o.s.w.s.m.m.a.RequestMappingHandlerMapping - Mapped to app.training.controller.TrainingProgramController#getAllByDate(LocalDate, Pageable)
2024-07-05 23:36:23 DEBUG o.s.w.s.m.m.a.RequestMappingHandlerMapping - Mapped to app.training.controller.TrainingProgramController#getAllByDate(LocalDate, Pageable)
2024-07-05 23:36:23 DEBUG o.s.w.s.m.m.a.RequestMappingHandlerMapping - Mapped to app.training.controller.TrainingProgramController#getAllByDate(LocalDate, Pageable)
2024-07-05 23:36:23 DEBUG o.s.w.s.m.m.a.RequestMappingHandlerMapping - Mapped to app.training.controller.TrainingProgramController#getAllByDate(LocalDate, Pageable)
2024-07-05 23:36:23 DEBUG o.s.w.s.m.m.a.RequestMappingHandlerMapping - Mapped to app.training.controller.TrainingProgramController#getAllByDate(LocalDate, Pageable)
2024-07-05 23:36:23 DEBUG o.s.web.servlet.DispatcherServlet - GET "/programs/by-date/2024-06-21", parameters={}
2024-07-05 23:36:23 DEBUG o.s.w.s.m.m.a.RequestMappingHandlerMapping - Mapped to app.training.controller.TrainingProgramController#getAllByDate(LocalDate, Pageable)
2024-07-05 23:36:23 DEBUG o.s.w.s.m.m.a.RequestResponseBodyMethodProcessor - Using 'application/json', given [*/*] and supported [application/json, application/*+json]
2024-07-05 23:36:23 DEBUG o.s.w.s.m.m.a.RequestResponseBodyMethodProcessor - Writing [[]]
2024-07-05 23:36:23 DEBUG o.s.web.servlet.DispatcherServlet - Completed 200 OK
2024-07-05 23:36:24 DEBUG o.s.w.s.m.m.a.RequestMappingHandlerMapping - Mapped to app.training.controller.TrainingProgramController#getAllByDate(LocalDate, Pageable)
2024-07-05 23:36:24 DEBUG o.s.w.s.m.m.a.RequestMappingHandlerMapping - Mapped to app.training.controller.TrainingProgramController#getAllByDate(LocalDate, Pageable)
2024-07-05 23:36:24 DEBUG o.s.w.s.m.m.a.RequestMappingHandlerMapping - Mapped to app.training.controller.TrainingProgramController#getAllByDate(LocalDate, Pageable)
2024-07-05 23:36:24 DEBUG o.s.w.s.m.m.a.RequestMappingHandlerMapping - Mapped to app.training.controller.TrainingProgramController#getAllByDate(LocalDate, Pageable)
2024-07-05 23:36:24 DEBUG o.s.w.s.m.m.a.RequestMappingHandlerMapping - Mapped to app.training.controller.TrainingProgramController#getAllByDate(LocalDate, Pageable)
2024-07-05 23:36:24 DEBUG o.s.web.servlet.DispatcherServlet - GET "/programs/by-date/2024-06-20", parameters={}
2024-07-05 23:36:24 DEBUG o.s.w.s.m.m.a.RequestMappingHandlerMapping - Mapped to app.training.controller.TrainingProgramController#getAllByDate(LocalDate, Pageable)
2024-07-05 23:36:24 DEBUG o.s.w.s.m.m.a.RequestResponseBodyMethodProcessor - Using 'application/json', given [*/*] and supported [application/json, application/*+json]
2024-07-05 23:36:24 DEBUG o.s.w.s.m.m.a.RequestResponseBodyMethodProcessor - Writing [[]]
2024-07-05 23:36:24 DEBUG o.s.web.servlet.DispatcherServlet - Completed 200 OK
2024-07-05 23:36:25 DEBUG o.s.w.s.m.m.a.RequestMappingHandlerMapping - Mapped to app.training.controller.TrainingProgramController#getAllByDate(LocalDate, Pageable)
2024-07-05 23:36:25 DEBUG o.s.w.s.m.m.a.RequestMappingHandlerMapping - Mapped to app.training.controller.TrainingProgramController#getAllByDate(LocalDate, Pageable)
2024-07-05 23:36:25 DEBUG o.s.w.s.m.m.a.RequestMappingHandlerMapping - Mapped to app.training.controller.TrainingProgramController#getAllByDate(LocalDate, Pageable)
2024-07-05 23:36:25 DEBUG o.s.w.s.m.m.a.RequestMappingHandlerMapping - Mapped to app.training.controller.TrainingProgramController#getAllByDate(LocalDate, Pageable)
2024-07-05 23:36:25 DEBUG o.s.w.s.m.m.a.RequestMappingHandlerMapping - Mapped to app.training.controller.TrainingProgramController#getAllByDate(LocalDate, Pageable)
2024-07-05 23:36:25 DEBUG o.s.web.servlet.DispatcherServlet - GET "/programs/by-date/2024-06-22", parameters={}
2024-07-05 23:36:25 DEBUG o.s.w.s.m.m.a.RequestMappingHandlerMapping - Mapped to app.training.controller.TrainingProgramController#getAllByDate(LocalDate, Pageable)
2024-07-05 23:36:25 DEBUG o.s.w.s.m.m.a.RequestResponseBodyMethodProcessor - Using 'application/json', given [*/*] and supported [application/json, application/*+json]
2024-07-05 23:36:25 DEBUG o.s.w.s.m.m.a.RequestResponseBodyMethodProcessor - Writing [[]]
2024-07-05 23:36:25 DEBUG o.s.web.servlet.DispatcherServlet - Completed 200 OK
2024-07-05 23:36:26 DEBUG o.s.w.s.m.m.a.RequestMappingHandlerMapping - Mapped to app.training.controller.TrainingProgramController#getAllByDate(LocalDate, Pageable)
2024-07-05 23:36:26 DEBUG o.s.w.s.m.m.a.RequestMappingHandlerMapping - Mapped to app.training.controller.TrainingProgramController#getAllByDate(LocalDate, Pageable)
2024-07-05 23:36:26 DEBUG o.s.w.s.m.m.a.RequestMappingHandlerMapping - Mapped to app.training.controller.TrainingProgramController#getAllByDate(LocalDate, Pageable)
2024-07-05 23:36:26 DEBUG o.s.w.s.m.m.a.RequestMappingHandlerMapping - Mapped to app.training.controller.TrainingProgramController#getAllByDate(LocalDate, Pageable)
2024-07-05 23:36:26 DEBUG o.s.w.s.m.m.a.RequestMappingHandlerMapping - Mapped to app.training.controller.TrainingProgramController#getAllByDate(LocalDate, Pageable)
2024-07-05 23:36:26 DEBUG o.s.web.servlet.DispatcherServlet - GET "/programs/by-date/2024-06-25", parameters={}
2024-07-05 23:36:26 DEBUG o.s.w.s.m.m.a.RequestMappingHandlerMapping - Mapped to app.training.controller.TrainingProgramController#getAllByDate(LocalDate, Pageable)
2024-07-05 23:36:26 DEBUG o.s.w.s.m.m.a.RequestResponseBodyMethodProcessor - Using 'application/json', given [*/*] and supported [application/json, application/*+json]
2024-07-05 23:36:26 DEBUG o.s.w.s.m.m.a.RequestResponseBodyMethodProcessor - Writing [[TrainingProgramDto(id=1, name=WOD, about=WOF, imageData=[-1, -40, -1, -31, 31, -122, 69, 120, 105,  (truncated)...]
2024-07-05 23:36:26 DEBUG o.s.web.servlet.DispatcherServlet - Completed 200 OK
2024-07-05 23:36:27 DEBUG o.s.w.s.m.m.a.RequestMappingHandlerMapping - Mapped to app.training.controller.TrainingProgramController#getAllByDate(LocalDate, Pageable)
2024-07-05 23:36:27 DEBUG o.s.w.s.m.m.a.RequestMappingHandlerMapping - Mapped to app.training.controller.TrainingProgramController#getAllByDate(LocalDate, Pageable)
2024-07-05 23:36:27 DEBUG o.s.w.s.m.m.a.RequestMappingHandlerMapping - Mapped to app.training.controller.TrainingProgramController#getAllByDate(LocalDate, Pageable)
2024-07-05 23:36:27 DEBUG o.s.w.s.m.m.a.RequestMappingHandlerMapping - Mapped to app.training.controller.TrainingProgramController#getAllByDate(LocalDate, Pageable)
2024-07-05 23:36:27 DEBUG o.s.w.s.m.m.a.RequestMappingHandlerMapping - Mapped to app.training.controller.TrainingProgramController#getAllByDate(LocalDate, Pageable)
2024-07-05 23:36:27 DEBUG o.s.web.servlet.DispatcherServlet - GET "/programs/by-date/2024-06-26", parameters={}
2024-07-05 23:36:27 DEBUG o.s.w.s.m.m.a.RequestMappingHandlerMapping - Mapped to app.training.controller.TrainingProgramController#getAllByDate(LocalDate, Pageable)
2024-07-05 23:36:27 DEBUG o.s.w.s.m.m.a.RequestResponseBodyMethodProcessor - Using 'application/json', given [*/*] and supported [application/json, application/*+json]
2024-07-05 23:36:27 DEBUG o.s.w.s.m.m.a.RequestResponseBodyMethodProcessor - Writing [[]]
2024-07-05 23:36:27 DEBUG o.s.web.servlet.DispatcherServlet - Completed 200 OK
2024-07-05 23:36:28 DEBUG o.s.w.s.m.m.a.RequestMappingHandlerMapping - Mapped to app.training.controller.TrainingProgramController#getAllByDate(LocalDate, Pageable)
2024-07-05 23:36:28 DEBUG o.s.w.s.m.m.a.RequestMappingHandlerMapping - Mapped to app.training.controller.TrainingProgramController#getAllByDate(LocalDate, Pageable)
2024-07-05 23:36:28 DEBUG o.s.w.s.m.m.a.RequestMappingHandlerMapping - Mapped to app.training.controller.TrainingProgramController#getAllByDate(LocalDate, Pageable)
2024-07-05 23:36:28 DEBUG o.s.w.s.m.m.a.RequestMappingHandlerMapping - Mapped to app.training.controller.TrainingProgramController#getAllByDate(LocalDate, Pageable)
2024-07-05 23:36:28 DEBUG o.s.w.s.m.m.a.RequestMappingHandlerMapping - Mapped to app.training.controller.TrainingProgramController#getAllByDate(LocalDate, Pageable)
2024-07-05 23:36:28 DEBUG o.s.web.servlet.DispatcherServlet - GET "/programs/by-date/2024-06-27", parameters={}
2024-07-05 23:36:28 DEBUG o.s.w.s.m.m.a.RequestMappingHandlerMapping - Mapped to app.training.controller.TrainingProgramController#getAllByDate(LocalDate, Pageable)
2024-07-05 23:36:28 DEBUG o.s.w.s.m.m.a.RequestResponseBodyMethodProcessor - Using 'application/json', given [*/*] and supported [application/json, application/*+json]
2024-07-05 23:36:28 DEBUG o.s.w.s.m.m.a.RequestResponseBodyMethodProcessor - Writing [[]]
2024-07-05 23:36:28 DEBUG o.s.web.servlet.DispatcherServlet - Completed 200 OK
2024-07-05 23:36:29 DEBUG o.s.w.s.m.m.a.RequestMappingHandlerMapping - Mapped to app.training.controller.TrainingProgramController#getAllByDate(LocalDate, Pageable)
2024-07-05 23:36:29 DEBUG o.s.w.s.m.m.a.RequestMappingHandlerMapping - Mapped to app.training.controller.TrainingProgramController#getAllByDate(LocalDate, Pageable)
2024-07-05 23:36:29 DEBUG o.s.w.s.m.m.a.RequestMappingHandlerMapping - Mapped to app.training.controller.TrainingProgramController#getAllByDate(LocalDate, Pageable)
2024-07-05 23:36:29 DEBUG o.s.w.s.m.m.a.RequestMappingHandlerMapping - Mapped to app.training.controller.TrainingProgramController#getAllByDate(LocalDate, Pageable)
2024-07-05 23:36:29 DEBUG o.s.w.s.m.m.a.RequestMappingHandlerMapping - Mapped to app.training.controller.TrainingProgramController#getAllByDate(LocalDate, Pageable)
2024-07-05 23:36:29 DEBUG o.s.web.servlet.DispatcherServlet - GET "/programs/by-date/2024-06-2", parameters={}
2024-07-05 23:36:29 DEBUG o.s.w.s.m.m.a.RequestMappingHandlerMapping - Mapped to app.training.controller.TrainingProgramController#getAllByDate(LocalDate, Pageable)
2024-07-05 23:36:29 DEBUG o.s.web.method.HandlerMethod - Could not resolve parameter [0] in public java.util.List<app.training.dto.trainingprogram.TrainingProgramDto> app.training.controller.TrainingProgramController.getAllByDate(java.time.LocalDate,org.springframework.data.domain.Pageable): Failed to convert value of type 'java.lang.String' to required type 'java.time.LocalDate'; Failed to convert from type [java.lang.String] to type [@org.springframework.web.bind.annotation.PathVariable java.time.LocalDate] for value [2024-06-2]
2024-07-05 23:36:29 DEBUG o.s.w.s.m.m.a.ExceptionHandlerExceptionResolver - Using @ExceptionHandler app.training.exception.CustomGlobalExceptionHandler#handleException(Exception, WebRequest)
2024-07-05 23:36:29 DEBUG o.s.w.s.m.m.a.HttpEntityMethodProcessor - Using 'application/problem+json', given [*/*] and supported [application/problem+json]
2024-07-05 23:36:29 DEBUG o.s.w.s.m.m.a.HttpEntityMethodProcessor - Writing [ProblemDetail[type='about:blank', title='Bad Request', status=400, detail='Failed to convert 'date'  (truncated)...]
2024-07-05 23:36:29 DEBUG o.s.w.s.m.m.a.ExceptionHandlerExceptionResolver - Resolved [org.springframework.web.method.annotation.MethodArgumentTypeMismatchException: Failed to convert value of type 'java.lang.String' to required type 'java.time.LocalDate'; Failed to convert from type [java.lang.String] to type [@org.springframework.web.bind.annotation.PathVariable java.time.LocalDate] for value [2024-06-2]]
2024-07-05 23:36:29 DEBUG o.s.web.servlet.DispatcherServlet - Completed 400 BAD_REQUEST
2024-07-05 23:36:30 DEBUG o.s.w.s.m.m.a.RequestMappingHandlerMapping - Mapped to app.training.controller.TrainingProgramController#getAllByDate(LocalDate, Pageable)
2024-07-05 23:36:30 DEBUG o.s.w.s.m.m.a.RequestMappingHandlerMapping - Mapped to app.training.controller.TrainingProgramController#getAllByDate(LocalDate, Pageable)
2024-07-05 23:36:30 DEBUG o.s.w.s.m.m.a.RequestMappingHandlerMapping - Mapped to app.training.controller.TrainingProgramController#getAllByDate(LocalDate, Pageable)
2024-07-05 23:36:30 DEBUG o.s.w.s.m.m.a.RequestMappingHandlerMapping - Mapped to app.training.controller.TrainingProgramController#getAllByDate(LocalDate, Pageable)
2024-07-05 23:36:30 DEBUG o.s.w.s.m.m.a.RequestMappingHandlerMapping - Mapped to app.training.controller.TrainingProgramController#getAllByDate(LocalDate, Pageable)
2024-07-05 23:36:30 DEBUG o.s.web.servlet.DispatcherServlet - GET "/programs/by-date/2024-06-29", parameters={}
2024-07-05 23:36:30 DEBUG o.s.w.s.m.m.a.RequestMappingHandlerMapping - Mapped to app.training.controller.TrainingProgramController#getAllByDate(LocalDate, Pageable)
2024-07-05 23:36:30 DEBUG o.s.w.s.m.m.a.RequestResponseBodyMethodProcessor - Using 'application/json', given [*/*] and supported [application/json, application/*+json]
2024-07-05 23:36:30 DEBUG o.s.w.s.m.m.a.RequestResponseBodyMethodProcessor - Writing [[]]
2024-07-05 23:36:30 DEBUG o.s.web.servlet.DispatcherServlet - Completed 200 OK
2024-07-05 23:36:31 DEBUG o.s.w.s.m.m.a.RequestMappingHandlerMapping - Mapped to app.training.controller.TrainingProgramController#getAllByDate(LocalDate, Pageable)
2024-07-05 23:36:31 DEBUG o.s.w.s.m.m.a.RequestMappingHandlerMapping - Mapped to app.training.controller.TrainingProgramController#getAllByDate(LocalDate, Pageable)
2024-07-05 23:36:31 DEBUG o.s.w.s.m.m.a.RequestMappingHandlerMapping - Mapped to app.training.controller.TrainingProgramController#getAllByDate(LocalDate, Pageable)
2024-07-05 23:36:31 DEBUG o.s.w.s.m.m.a.RequestMappingHandlerMapping - Mapped to app.training.controller.TrainingProgramController#getAllByDate(LocalDate, Pageable)
2024-07-05 23:36:31 DEBUG o.s.w.s.m.m.a.RequestMappingHandlerMapping - Mapped to app.training.controller.TrainingProgramController#getAllByDate(LocalDate, Pageable)
2024-07-05 23:36:31 DEBUG o.s.web.servlet.DispatcherServlet - GET "/programs/by-date/2024-06-28", parameters={}
2024-07-05 23:36:31 DEBUG o.s.w.s.m.m.a.RequestMappingHandlerMapping - Mapped to app.training.controller.TrainingProgramController#getAllByDate(LocalDate, Pageable)
2024-07-05 23:36:32 DEBUG o.s.w.s.m.m.a.RequestResponseBodyMethodProcessor - Using 'application/json', given [*/*] and supported [application/json, application/*+json]
2024-07-05 23:36:32 DEBUG o.s.w.s.m.m.a.RequestResponseBodyMethodProcessor - Writing [[TrainingProgramDto(id=2, name=WOD, about=WOD, imageData=[-1, -40, -1, -31, 0, -54, 69, 120, 105, 10 (truncated)...]
2024-07-05 23:36:32 DEBUG o.s.web.servlet.DispatcherServlet - Completed 200 OK
2024-07-05 23:36:43 INFO  o.s.o.j.LocalContainerEntityManagerFactoryBean - Closing JPA EntityManagerFactory for persistence unit 'default'
2024-07-05 23:36:43 INFO  com.zaxxer.hikari.HikariDataSource - HikariPool-1 - Shutdown initiated...
2024-07-05 23:36:43 INFO  com.zaxxer.hikari.HikariDataSource - HikariPool-1 - Shutdown completed.
